
ROM used:   190/8192 (2%)
            190/8192 (2%) including unused fragments

            0.3 Average locations per line
            5.1 Average locations per statement

RAM used:   6/368 (2%) at main() level
            8/368 (2%) worst case

Stack used: 1 worst case (1 in main + 0 for interrupts)
Stack size: 8

Lines Stmts  %   Files
----- ----- ---  -----
   56    37 100  main.c
   10     0   0  main.h
  671     0   0  D:\PICC\Devices\16F877A.h
----- -----
  737    37 Total

Page ROM  %  RAM   Vol Diff  Functions:
---- --- --- ---   --- ----  ----------
0     22  12    1             @delay_ms1
0     64  34    1   300  4.2  main
0    100  53    1   582  3.8  Lookup_Table
 Inline         0             @cinit1

Program metrics:
    Functions               2
    Statements              37
    Comments                127
    Volume (V)              1046
    Difficulty (D)          7.7
    Effort to implement (E) 8079
    Time to implement (T)   7 minutes
    Est Delivered Bugs (B)  0
    Cyclomatic Complexity   13
    Maintainability (MI)    79

 Segment     Used  Free
-----------  ----  ----
00000-00003     4  0  
00004-007FF   186  1858  
00800-00FFF     0  2048  
01000-017FF     0  2048  
01800-01FFF     0  2048  



