
ROM used:   160/8192 (2%)
            160/8192 (2%) including unused fragments

            0.2 Average locations per line
            7.0 Average locations per statement

RAM used:   7/368 (2%) at main() level
            8/368 (2%) worst case

Stack used: 2 worst case (2 in main + 0 for interrupts)
Stack size: 8

Lines Stmts  %   Files
----- ----- ---  -----
   81    23 100  proje.c
   11     0   0  proje.h
  671     0   0  D:\PIC\Devices\16F877A.h
----- -----
  763    23 Total

Page ROM  %  RAM   Vol Diff  Functions:
---- --- --- ---   --- ----  ----------
0     20  12    1             @delay_ms1
0     15   9    1             @delay_us1
0     31  19    1    90  2.1  Servo_High
0     29  18    1    90  2.1  Servo_Low
0     61  38    1   277  3.2  MAIN
 Inline         0             @cinit1

Program metrics:
    Functions               3
    Statements              23
    Comments                142
    Volume (V)              609
    Difficulty (D)          7.0
    Effort to implement (E) 4261
    Time to implement (T)   4 minutes
    Est Delivered Bugs (B)  0
    Cyclomatic Complexity   2
    Maintainability (MI)    63

 Segment     Used  Free
-----------  ----  ----
00000-00003     4  0  
00004-007FF   156  1888  
00800-00FFF     0  2048  
01000-017FF     0  2048  
01800-01FFF     0  2048  



