
ROM used:   730/8192 (9%)
            730/8192 (9%) including unused fragments

            0.6 Average locations per line
            5.0 Average locations per statement

RAM used:   9/368 (2%) at main() level
            23/368 (6%) worst case

Stack used: 5 worst case (5 in main + 0 for interrupts)
Stack size: 8

Lines Stmts  %   Files
----- ----- ---  -----
  136    61  42  motor_pwm_control.c
    6     0   0  motor_pwm_control.h
  671     0   0  ..\..\..\PIC\Devices\16F877A.h
  456    84  58  ..\..\..\PIC\Drivers\lcd.c
----- -----
 1269   145 Total

Page ROM  %  RAM   Vol Diff  Functions:
---- --- --- ---   --- ----  ----------
0     20   3    1             @delay_ms1
 Inline         3   596  5.9  lcd_read_byte
0      6   1    0    59  4.2  lcd_read_nibble
0     17   2    1   179  3.3  lcd_send_nibble
0     66   9    3   460  4.7  lcd_send_byte
0     62   8    6   814  7.2  lcd_init
0     18   2    4   208  6.3  lcd_gotoxy
0     44   6    1   354  4.7  lcd_putc
0    119  16    0   607  2.8  MAIN
0      8   1    0             @const667
0     88  12    4             @PSTRINGC7_647
0    252  35    0   952  8.6  Start
0      5   1    0             @const669
 Inline         5             @PSTRINGCN7_647
0     21   3    3             @DIV88
 Inline         2             @PRINTF_U_647
 Inline         0             @cinit1

Program metrics:
    Functions               9
    Statements              145
    Comments                244
    Volume (V)              6441
    Difficulty (D)          45.3
    Effort to implement (E) 291848
    Time to implement (T)   4 hours, 30 minutes
    Est Delivered Bugs (B)  1
    Cyclomatic Complexity   16
    Maintainability (MI)    140

 Segment     Used  Free
-----------  ----  ----
00000-00003     4  0  
00004-007FF   726  1318  
00800-00FFF     0  2048  
01000-017FF     0  2048  
01800-01FFF     0  2048  



