Warning[205] C:\USERS\ENIST\MPLABXPROJECTS\LED_DELAYED_BLINK.X\DELAYED_BLINKING_LED.ASM 2 : Found directive in column 1. (LIST)
Warning[205] C:\USERS\ENIST\MPLABXPROJECTS\LED_DELAYED_BLINK.X\DELAYED_BLINKING_LED.ASM 4 : Found directive in column 1. (__CONFIG)
Warning[205] C:\USERS\ENIST\MPLABXPROJECTS\LED_DELAYED_BLINK.X\DELAYED_BLINKING_LED.ASM 6 : Found directive in column 1. (ORG)
Warning[205] C:\USERS\ENIST\MPLABXPROJECTS\LED_DELAYED_BLINK.X\DELAYED_BLINKING_LED.ASM 7 : Found directive in column 1. (BANKSEL)
Warning[203] C:\USERS\ENIST\MPLABXPROJECTS\LED_DELAYED_BLINK.X\DELAYED_BLINKING_LED.ASM 8 : Found opcode in column 1. (MOVLW)
Warning[203] C:\USERS\ENIST\MPLABXPROJECTS\LED_DELAYED_BLINK.X\DELAYED_BLINKING_LED.ASM 9 : Found opcode in column 1. (MOVWF)
Message[302] C:\USERS\ENIST\MPLABXPROJECTS\LED_DELAYED_BLINK.X\DELAYED_BLINKING_LED.ASM 9 : Register in operand not in bank 0.  Ensure that bank bits are correct.
Warning[203] C:\USERS\ENIST\MPLABXPROJECTS\LED_DELAYED_BLINK.X\DELAYED_BLINKING_LED.ASM 10 : Found opcode in column 1. (CLRF)
Message[302] C:\USERS\ENIST\MPLABXPROJECTS\LED_DELAYED_BLINK.X\DELAYED_BLINKING_LED.ASM 10 : Register in operand not in bank 0.  Ensure that bank bits are correct.
Warning[205] C:\USERS\ENIST\MPLABXPROJECTS\LED_DELAYED_BLINK.X\DELAYED_BLINKING_LED.ASM 11 : Found directive in column 1. (BANKSEL)
Warning[203] C:\USERS\ENIST\MPLABXPROJECTS\LED_DELAYED_BLINK.X\DELAYED_BLINKING_LED.ASM 12 : Found opcode in column 1. (CLRF)
Warning[205] C:\USERS\ENIST\MPLABXPROJECTS\LED_DELAYED_BLINK.X\DELAYED_BLINKING_LED.ASM 14 : Found directive in column 1. (CBLOCK)
Warning[205] C:\USERS\ENIST\MPLABXPROJECTS\LED_DELAYED_BLINK.X\DELAYED_BLINKING_LED.ASM 20 : Found directive in column 1. (ENDC)
Warning[203] C:\USERS\ENIST\MPLABXPROJECTS\LED_DELAYED_BLINK.X\DELAYED_BLINKING_LED.ASM 22 : Found opcode in column 1. (CALL)
Warning[203] C:\USERS\ENIST\MPLABXPROJECTS\LED_DELAYED_BLINK.X\DELAYED_BLINKING_LED.ASM 23 : Found opcode in column 1. (MOVLW)
Warning[203] C:\USERS\ENIST\MPLABXPROJECTS\LED_DELAYED_BLINK.X\DELAYED_BLINKING_LED.ASM 24 : Found opcode in column 1. (MOVWF)
Message[302] C:\USERS\ENIST\MPLABXPROJECTS\LED_DELAYED_BLINK.X\DELAYED_BLINKING_LED.ASM 24 : Register in operand not in bank 0.  Ensure that bank bits are correct.
Warning[203] C:\USERS\ENIST\MPLABXPROJECTS\LED_DELAYED_BLINK.X\DELAYED_BLINKING_LED.ASM 25 : Found opcode in column 1. (MOVLW)
Warning[203] C:\USERS\ENIST\MPLABXPROJECTS\LED_DELAYED_BLINK.X\DELAYED_BLINKING_LED.ASM 26 : Found opcode in column 1. (MOVWF)
Message[302] C:\USERS\ENIST\MPLABXPROJECTS\LED_DELAYED_BLINK.X\DELAYED_BLINKING_LED.ASM 26 : Register in operand not in bank 0.  Ensure that bank bits are correct.
Message[305] C:\USERS\ENIST\MPLABXPROJECTS\LED_DELAYED_BLINK.X\DELAYED_BLINKING_LED.ASM 39 : Using default destination of 1 (file).
Message[302] C:\USERS\ENIST\MPLABXPROJECTS\LED_DELAYED_BLINK.X\DELAYED_BLINKING_LED.ASM 39 : Register in operand not in bank 0.  Ensure that bank bits are correct.
Message[302] C:\USERS\ENIST\MPLABXPROJECTS\LED_DELAYED_BLINK.X\DELAYED_BLINKING_LED.ASM 40 : Register in operand not in bank 0.  Ensure that bank bits are correct.
Message[305] C:\USERS\ENIST\MPLABXPROJECTS\LED_DELAYED_BLINK.X\DELAYED_BLINKING_LED.ASM 47 : Using default destination of 1 (file).
Message[302] C:\USERS\ENIST\MPLABXPROJECTS\LED_DELAYED_BLINK.X\DELAYED_BLINKING_LED.ASM 47 : Register in operand not in bank 0.  Ensure that bank bits are correct.
Message[302] C:\USERS\ENIST\MPLABXPROJECTS\LED_DELAYED_BLINK.X\DELAYED_BLINKING_LED.ASM 48 : Register in operand not in bank 0.  Ensure that bank bits are correct.
Message[305] C:\USERS\ENIST\MPLABXPROJECTS\LED_DELAYED_BLINK.X\DELAYED_BLINKING_LED.ASM 53 : Using default destination of 1 (file).
Message[302] C:\USERS\ENIST\MPLABXPROJECTS\LED_DELAYED_BLINK.X\DELAYED_BLINKING_LED.ASM 53 : Register in operand not in bank 0.  Ensure that bank bits are correct.
Message[302] C:\USERS\ENIST\MPLABXPROJECTS\LED_DELAYED_BLINK.X\DELAYED_BLINKING_LED.ASM 54 : Register in operand not in bank 0.  Ensure that bank bits are correct.
Message[305] C:\USERS\ENIST\MPLABXPROJECTS\LED_DELAYED_BLINK.X\DELAYED_BLINKING_LED.ASM 59 : Using default destination of 1 (file).
Message[302] C:\USERS\ENIST\MPLABXPROJECTS\LED_DELAYED_BLINK.X\DELAYED_BLINKING_LED.ASM 59 : Register in operand not in bank 0.  Ensure that bank bits are correct.
Message[302] C:\USERS\ENIST\MPLABXPROJECTS\LED_DELAYED_BLINK.X\DELAYED_BLINKING_LED.ASM 60 : Register in operand not in bank 0.  Ensure that bank bits are correct.
Message[302] C:\USERS\ENIST\MPLABXPROJECTS\LED_DELAYED_BLINK.X\DELAYED_BLINKING_LED.ASM 70 : Register in operand not in bank 0.  Ensure that bank bits are correct.
Warning[203] C:\USERS\ENIST\MPLABXPROJECTS\LED_DELAYED_BLINK.X\DELAYED_BLINKING_LED.ASM 71 : Found opcode in column 1. (RETURN)
Warning[203] C:\USERS\ENIST\MPLABXPROJECTS\LED_DELAYED_BLINK.X\DELAYED_BLINKING_LED.ASM 79 : Found opcode in column 1. (RETURN)
Message[305] C:\USERS\ENIST\MPLABXPROJECTS\LED_DELAYED_BLINK.X\DELAYED_BLINKING_LED.ASM 93 : Using default destination of 1 (file).
Message[302] C:\USERS\ENIST\MPLABXPROJECTS\LED_DELAYED_BLINK.X\DELAYED_BLINKING_LED.ASM 93 : Register in operand not in bank 0.  Ensure that bank bits are correct.
Message[302] C:\USERS\ENIST\MPLABXPROJECTS\LED_DELAYED_BLINK.X\DELAYED_BLINKING_LED.ASM 96 : Register in operand not in bank 0.  Ensure that bank bits are correct.
Message[302] C:\USERS\ENIST\MPLABXPROJECTS\LED_DELAYED_BLINK.X\DELAYED_BLINKING_LED.ASM 98 : Register in operand not in bank 0.  Ensure that bank bits are correct.
Message[302] C:\USERS\ENIST\MPLABXPROJECTS\LED_DELAYED_BLINK.X\DELAYED_BLINKING_LED.ASM 104 : Register in operand not in bank 0.  Ensure that bank bits are correct.
Warning[203] C:\USERS\ENIST\MPLABXPROJECTS\LED_DELAYED_BLINK.X\DELAYED_BLINKING_LED.ASM 107 : Found opcode in column 1. (RETURN)
Warning[207] C:\USERS\ENIST\MPLABXPROJECTS\LED_DELAYED_BLINK.X\DELAYED_BLINKING_LED.ASM 109 : Found label after column 1. (DELAY)
Message[302] C:\USERS\ENIST\MPLABXPROJECTS\LED_DELAYED_BLINK.X\DELAYED_BLINKING_LED.ASM 110 : Register in operand not in bank 0.  Ensure that bank bits are correct.
Message[302] C:\USERS\ENIST\MPLABXPROJECTS\LED_DELAYED_BLINK.X\DELAYED_BLINKING_LED.ASM 112 : Register in operand not in bank 0.  Ensure that bank bits are correct.
Message[302] C:\USERS\ENIST\MPLABXPROJECTS\LED_DELAYED_BLINK.X\DELAYED_BLINKING_LED.ASM 115 : Register in operand not in bank 0.  Ensure that bank bits are correct.
Warning[203] C:\USERS\ENIST\MPLABXPROJECTS\LED_DELAYED_BLINK.X\DELAYED_BLINKING_LED.ASM 118 : Found opcode in column 1. (RETURN)
Message[302] C:\USERS\ENIST\MPLABXPROJECTS\LED_DELAYED_BLINK.X\DELAYED_BLINKING_LED.ASM 123 : Register in operand not in bank 0.  Ensure that bank bits are correct.
Message[302] C:\USERS\ENIST\MPLABXPROJECTS\LED_DELAYED_BLINK.X\DELAYED_BLINKING_LED.ASM 125 : Register in operand not in bank 0.  Ensure that bank bits are correct.
Message[302] C:\USERS\ENIST\MPLABXPROJECTS\LED_DELAYED_BLINK.X\DELAYED_BLINKING_LED.ASM 127 : Register in operand not in bank 0.  Ensure that bank bits are correct.
Warning[203] C:\USERS\ENIST\MPLABXPROJECTS\LED_DELAYED_BLINK.X\DELAYED_BLINKING_LED.ASM 130 : Found opcode in column 1. (RETURN)
Message[302] C:\USERS\ENIST\MPLABXPROJECTS\LED_DELAYED_BLINK.X\DELAYED_BLINKING_LED.ASM 134 : Register in operand not in bank 0.  Ensure that bank bits are correct.
Message[302] C:\USERS\ENIST\MPLABXPROJECTS\LED_DELAYED_BLINK.X\DELAYED_BLINKING_LED.ASM 136 : Register in operand not in bank 0.  Ensure that bank bits are correct.
Message[302] C:\USERS\ENIST\MPLABXPROJECTS\LED_DELAYED_BLINK.X\DELAYED_BLINKING_LED.ASM 138 : Register in operand not in bank 0.  Ensure that bank bits are correct.
Warning[203] C:\USERS\ENIST\MPLABXPROJECTS\LED_DELAYED_BLINK.X\DELAYED_BLINKING_LED.ASM 139 : Found opcode in column 1. (RETURN)
Message[302] C:\USERS\ENIST\MPLABXPROJECTS\LED_DELAYED_BLINK.X\DELAYED_BLINKING_LED.ASM 143 : Register in operand not in bank 0.  Ensure that bank bits are correct.
Message[302] C:\USERS\ENIST\MPLABXPROJECTS\LED_DELAYED_BLINK.X\DELAYED_BLINKING_LED.ASM 145 : Register in operand not in bank 0.  Ensure that bank bits are correct.
Message[302] C:\USERS\ENIST\MPLABXPROJECTS\LED_DELAYED_BLINK.X\DELAYED_BLINKING_LED.ASM 147 : Register in operand not in bank 0.  Ensure that bank bits are correct.
Warning[203] C:\USERS\ENIST\MPLABXPROJECTS\LED_DELAYED_BLINK.X\DELAYED_BLINKING_LED.ASM 148 : Found opcode in column 1. (RETURN)
Warning[205] C:\USERS\ENIST\MPLABXPROJECTS\LED_DELAYED_BLINK.X\DELAYED_BLINKING_LED.ASM 150 : Found directive in column 1. (END)
