MPASM 5.76          DELAYED_BLINKING_LED.ASM   11-3-2020  9:29:16         PAGE  1


LOC  OBJECT CODE     LINE SOURCE TEXT
  VALUE

                      00001 
Warning[205]: Found directive in column 1. (LIST)
                      00002 LIST P=16F877A
                      00003 #INCLUDE "P16F877A.INC"
                      00001         LIST
                      00002 
                      00003 ;==========================================================================
                      00004 ; Build date : Sep 19 2017
                      00005 ;  MPASM PIC16F877A processor include
                      00006 ; 
                      00007 ;  (c) Copyright 1999-2017 Microchip Technology, All rights reserved
                      00008 ;==========================================================================
                      00009 
                      00567         LIST
Warning[205]: Found directive in column 1. (__CONFIG)
2007   3F32           00004 __CONFIG   _CP_OFF  & _LVP_OFF & _BOREN_OFF  & _WDT_OFF & _PWRTE_ON & _HS_OSC; Baslangic ayarlari
                      00005     
Warning[205]: Found directive in column 1. (ORG)
                      00006 ORG H'00'
Warning[205]: Found directive in column 1. (BANKSEL)
0000   1683 1303      00007 BANKSEL TRISB; BANK 2
Warning[203]: Found opcode in column 1. (MOVLW)
0002   30FF           00008 MOVLW   H'FF'
Warning[203]: Found opcode in column 1. (MOVWF)
Message[302]: Register in operand not in bank 0.  Ensure that bank bits are correct.
0003   0086           00009 MOVWF   TRISB; INPUT yaptim
Warning[203]: Found opcode in column 1. (CLRF)
Message[302]: Register in operand not in bank 0.  Ensure that bank bits are correct.
0004   0188           00010 CLRF    TRISD; OUTPUT yaptim
Warning[205]: Found directive in column 1. (BANKSEL)
0005   1283 1303      00011 BANKSEL PORTD; BANK 1
Warning[203]: Found opcode in column 1. (CLRF)
0007   0188           00012 CLRF    PORTD; PORTD pinlerini 0ladim
                      00013 
Warning[205]: Found directive in column 1. (CBLOCK)
                      00014 CBLOCK 0xA0; Counter atamalari
  000000A0            00015     COUNTER_1; delay icin counter
  000000A1            00016     COUNTER_2; delay icin counter
  000000A2            00017     COUNTER_3; delay icin counter
  000000A3            00018     COUNTER_4; STOP butonuna basildiginda 3 kere yanip sonmesi icin counter
  000000A4            00019     A; Stop butonu icin sorgulatma degiskeni
Warning[205]: Found directive in column 1. (ENDC)
                      00020 ENDC
                      00021 
Warning[203]: Found opcode in column 1. (CALL)
0008   2???           00022 CALL    SET_COUNTERS
Warning[203]: Found opcode in column 1. (MOVLW)
0009   3003           00023 MOVLW   D'3'
Warning[203]: Found opcode in column 1. (MOVWF)
Message[302]: Register in operand not in bank 0.  Ensure that bank bits are correct.
000A   00A3           00024 MOVWF   COUNTER_4
Warning[203]: Found opcode in column 1. (MOVLW)
000B   3000           00025 MOVLW   D'0'
MPASM 5.76          DELAYED_BLINKING_LED.ASM   11-3-2020  9:29:16         PAGE  2


LOC  OBJECT CODE     LINE SOURCE TEXT
  VALUE

Warning[203]: Found opcode in column 1. (MOVWF)
Message[302]: Register in operand not in bank 0.  Ensure that bank bits are correct.
000C   00A4           00026 MOVWF   A
                      00027     
000D                  00028 MAIN_LOOP; Ana dongu
000D   1886           00029     BTFSC   PORTB,1; Start pinini sorguluyorum
000E   2???           00030     GOTO    LED_YAK; Eger butona basilmis ise ledler yanmaya baslasin
000F   2???           00031     CALL    CLOSE_ALL; Eger basilmamis ise tum ledler kapansin
0010   2???           00032     CALL    CHECK_BUTTONS; Stop ve Pause buton kontrolu
0011   2???           00033     GOTO    MAIN_LOOP; Ana Donguye geri gitsin
                      00034     
0012                  00035 LED_YAK
0012   1188           00036     BCF     PORTD,3; Son ledi sondur 
0013   1408           00037     BSF     PORTD,0 ; ilk led yansin
0014   2???           00038     CALL    DELAY; 500ms delay
Message[305]: Using default destination of 1 (file).
Message[302]: Register in operand not in bank 0.  Ensure that bank bits are correct.
0015   0AA4           00039     INCF    A ; A 1 yaptim
Message[302]: Register in operand not in bank 0.  Ensure that bank bits are correct.
0016   0BA4           00040     DECFSZ  A,F; A yi 1 azalttim eger 0 olduysa geri GOTO Main Loopu atla
                      00041     ;Bu A sorgulama islemninin nedeni ledler yanmaya devam ederken stop a basilirsa tekrar 
                      00042     ;kald?g? yerden devam etmeyip ledler sonuk kalarak main loop a gecmesi icin
0017   2???           00043     GOTO    MAIN_LOOP
0018   1008           00044     BCF     PORTD,0;1. ledi sondur
0019   1488           00045     BSF     PORTD,1;2. ledi yak
001A   2???           00046     CALL    DELAY
Message[305]: Using default destination of 1 (file).
Message[302]: Register in operand not in bank 0.  Ensure that bank bits are correct.
001B   0AA4           00047     INCF    A
Message[302]: Register in operand not in bank 0.  Ensure that bank bits are correct.
001C   0BA4           00048     DECFSZ  A,F
001D   2???           00049     GOTO    MAIN_LOOP
001E   1088           00050     BCF     PORTD,1
001F   1508           00051     BSF     PORTD,2
0020   2???           00052     CALL    DELAY
Message[305]: Using default destination of 1 (file).
Message[302]: Register in operand not in bank 0.  Ensure that bank bits are correct.
0021   0AA4           00053     INCF    A
Message[302]: Register in operand not in bank 0.  Ensure that bank bits are correct.
0022   0BA4           00054     DECFSZ  A,F
0023   2???           00055     GOTO    MAIN_LOOP
0024   1108           00056     BCF     PORTD,2
0025   1588           00057     BSF     PORTD,3
0026   2???           00058     CALL    DELAY
Message[305]: Using default destination of 1 (file).
Message[302]: Register in operand not in bank 0.  Ensure that bank bits are correct.
0027   0AA4           00059     INCF    A
Message[302]: Register in operand not in bank 0.  Ensure that bank bits are correct.
0028   0BA4           00060     DECFSZ  A,F
0029   2???           00061     GOTO    MAIN_LOOP
002A   2???           00062     GOTO    LED_YAK;Eger buraya geldiyse tekrardan 1. ledi yakmaya donsun
                      00063     
002B                  00064 CLOSE_ALL; Tum ledleri kapat
MPASM 5.76          DELAYED_BLINKING_LED.ASM   11-3-2020  9:29:16         PAGE  3


LOC  OBJECT CODE     LINE SOURCE TEXT
  VALUE

002B   1008           00065     BCF     PORTD,0
002C   1088           00066     BCF     PORTD,1
002D   1108           00067     BCF     PORTD,2
002E   1188           00068     BCF     PORTD,3
002F   3000           00069     MOVLW   D'0'
Message[302]: Register in operand not in bank 0.  Ensure that bank bits are correct.
0030   00A4           00070     MOVWF   A
Warning[203]: Found opcode in column 1. (RETURN)
0031   0008           00071 RETURN
                      00072     
                      00073     
0032                  00074 CHECK_BUTTONS
0032   1A06           00075     BTFSC   PORTB,4; PAUSE kontrolu
0033   2???           00076     CALL    INFINITE_LOOP
0034   1B86           00077     BTFSC   PORTB,7; STOP kontrolu
0035   2???           00078     CALL    INVOKE
Warning[203]: Found opcode in column 1. (RETURN)
0036   0008           00079 RETURN
                      00080  
0037                  00081 INVOKE; Ledleri 3 kere yanip sondurme islemi
0037   2???           00082     CALL    SET_COUNTERS_2; 250ms icin farkli counter atamasi
0038   1408           00083     BSF     PORTD,0
0039   1488           00084     BSF     PORTD,1
003A   1508           00085     BSF     PORTD,2
003B   1588           00086     BSF     PORTD,3
003C   2???           00087     CALL    DELAY_2
003D   1008           00088     BCF     PORTD,0
003E   1088           00089     BCF     PORTD,1
003F   1108           00090     BCF     PORTD,2
0040   1188           00091     BCF     PORTD,3
0041   2???           00092     CALL    DELAY_2
Message[305]: Using default destination of 1 (file).
Message[302]: Register in operand not in bank 0.  Ensure that bank bits are correct.
0042   0BA3           00093     DECFSZ  COUNTER_4
0043   2???           00094     GOTO    INVOKE
0044   3003           00095     MOVLW   D'3'; COUNTER_4  e 3 atadim ki tekrardan stop denildiginde yine 3 kere donsun
Message[302]: Register in operand not in bank 0.  Ensure that bank bits are correct.
0045   00A3           00096     MOVWF   COUNTER_4
0046   3005           00097     MOVLW   D'5'
Message[302]: Register in operand not in bank 0.  Ensure that bank bits are correct.
0047   00A4           00098     MOVWF   A
0048   0008           00099  RETURN
                      00100  
0049                  00101 INFINITE_LOOP; Pause basildiginde
0049   1B86           00102     BTFSC   PORTB,7;Stop butonu  sorgulamasi
004A   2???           00103     CALL    INVOKE
Message[302]: Register in operand not in bank 0.  Ensure that bank bits are correct.
004B   01A4           00104     CLRF    A;Sonsuz dongudeyken Stopa basilirsa tekrardan start a basilinca kapatmamasi icin A yi sifil
                            adim
004C   1C86           00105     BTFSS   PORTB,1; Start butonu sorgulamasi
004D   2???           00106     GOTO    INFINITE_LOOP
Warning[203]: Found opcode in column 1. (RETURN)
004E   0008           00107 RETURN
MPASM 5.76          DELAYED_BLINKING_LED.ASM   11-3-2020  9:29:16         PAGE  4


LOC  OBJECT CODE     LINE SOURCE TEXT
  VALUE

                      00108 
Warning[207]: Found label after column 1. (DELAY)
004F                  00109  DELAY;3 counter azaltarak dongu islemi
Message[302]: Register in operand not in bank 0.  Ensure that bank bits are correct.
004F   0BA0           00110     DECFSZ  COUNTER_1,F ; 
0050   2???           00111     GOTO    DELAY ; COUNTER_1 s?f?rlanana kadar basa dondur
Message[302]: Register in operand not in bank 0.  Ensure that bank bits are correct.
0051   0BA1           00112     DECFSZ  COUNTER_2,F ; COUNTER_1 0 ve COUNTER_2 0 ise GOTO DELAY atla
0052   2???           00113     GOTO    DELAY ;basa dondur
0053   2???           00114     CALL    CHECK_BUTTONS ; 
Message[302]: Register in operand not in bank 0.  Ensure that bank bits are correct.
0054   0BA2           00115     DECFSZ  COUNTER_3,F ;
0055   2???           00116     GOTO    DELAY ;
0056   2???           00117     CALL    SET_COUNTERS ; 
Warning[203]: Found opcode in column 1. (RETURN)
0057   0008           00118 RETURN  
                      00119     
0058                  00120 DELAY_2; normal delayde stop butonunu tekrardan sorguladigi  icin dongu icine dongu oluyordu onun icin 2
                            . delay yazdim
0058   1A06           00121     BTFSC   PORTB,4
0059   2???           00122     CALL    INFINITE_LOOP
Message[302]: Register in operand not in bank 0.  Ensure that bank bits are correct.
005A   0BA0           00123     DECFSZ  COUNTER_1,F
005B   2???           00124     GOTO    DELAY_2
Message[302]: Register in operand not in bank 0.  Ensure that bank bits are correct.
005C   0BA1           00125     DECFSZ  COUNTER_2,F
005D   2???           00126     GOTO    DELAY_2
Message[302]: Register in operand not in bank 0.  Ensure that bank bits are correct.
005E   0BA2           00127     DECFSZ  COUNTER_3,F
005F   2???           00128     GOTO    DELAY_2
0060   2???           00129     CALL    SET_COUNTERS_2
Warning[203]: Found opcode in column 1. (RETURN)
0061   0008           00130 RETURN
                      00131     
0062                  00132 SET_COUNTERS; 500ms icin  counter atamasi
0062   300B           00133     MOVLW   0x0B
Message[302]: Register in operand not in bank 0.  Ensure that bank bits are correct.
0063   00A2           00134     MOVWF   COUNTER_3   
0064   30E7           00135     MOVLW   0xE7
Message[302]: Register in operand not in bank 0.  Ensure that bank bits are correct.
0065   00A1           00136     MOVWF   COUNTER_2
0066   302D           00137     MOVLW   0x2D
Message[302]: Register in operand not in bank 0.  Ensure that bank bits are correct.
0067   00A0           00138     MOVWF   COUNTER_1
Warning[203]: Found opcode in column 1. (RETURN)
0068   0008           00139 RETURN
                      00140 
0069                  00141 SET_COUNTERS_2; 250ms icin counter atamasi
0069   3006           00142     MOVLW   0x06
Message[302]: Register in operand not in bank 0.  Ensure that bank bits are correct.
006A   00A2           00143     MOVWF   COUNTER_3   
006B   3074           00144     MOVLW   0x74
Message[302]: Register in operand not in bank 0.  Ensure that bank bits are correct.
MPASM 5.76          DELAYED_BLINKING_LED.ASM   11-3-2020  9:29:16         PAGE  5


LOC  OBJECT CODE     LINE SOURCE TEXT
  VALUE

006C   00A1           00145     MOVWF   COUNTER_2
006D   3016           00146     MOVLW   0x16
Message[302]: Register in operand not in bank 0.  Ensure that bank bits are correct.
006E   00A0           00147     MOVWF   COUNTER_1
Warning[203]: Found opcode in column 1. (RETURN)
006F   0008           00148 RETURN
                      00149     
Warning[205]: Found directive in column 1. (END)
3F32                  00150 END
MPASM 5.76          DELAYED_BLINKING_LED.ASM   11-3-2020  9:29:16         PAGE  6


SYMBOL TABLE
  LABEL                             VALUE 

A                                 000000A4
ACKDT                             00000005
ACKEN                             00000004
ACKSTAT                           00000006
ADCON0                            0000001F
ADCON1                            0000009F
ADCS0                             00000006
ADCS1                             00000007
ADCS2                             00000006
ADDEN                             00000003
ADFM                              00000007
ADIE                              00000006
ADIF                              00000006
ADON                              00000000
ADRESH                            0000001E
ADRESL                            0000009E
BCLIE                             00000003
BCLIF                             00000003
BF                                00000000
BRGH                              00000002
C                                 00000000
C1INV                             00000004
C1OUT                             00000006
C2INV                             00000005
C2OUT                             00000007
CCP1CON                           00000017
CCP1IE                            00000002
CCP1IF                            00000002
CCP1M0                            00000000
CCP1M1                            00000001
CCP1M2                            00000002
CCP1M3                            00000003
CCP1X                             00000005
CCP1Y                             00000004
CCP2CON                           0000001D
CCP2IE                            00000000
CCP2IF                            00000000
CCP2M0                            00000000
CCP2M1                            00000001
CCP2M2                            00000002
CCP2M3                            00000003
CCP2X                             00000005
CCP2Y                             00000004
CCPR1                             00000015
CCPR1H                            00000016
CCPR1L                            00000015
CCPR2                             0000001B
CCPR2H                            0000001C
CCPR2L                            0000001B
CHECK_BUTTONS                     00000032
CHS0                              00000003
CHS1                              00000004
CHS2                              00000005
MPASM 5.76          DELAYED_BLINKING_LED.ASM   11-3-2020  9:29:16         PAGE  7


SYMBOL TABLE
  LABEL                             VALUE 

CIS                               00000003
CKE                               00000006
CKP                               00000004
CLOSE_ALL                         0000002B
CM0                               00000000
CM1                               00000001
CM2                               00000002
CMCON                             0000009C
CMIE                              00000006
CMIF                              00000006
COUNTER_1                         000000A0
COUNTER_2                         000000A1
COUNTER_3                         000000A2
COUNTER_4                         000000A3
CREN                              00000004
CSRC                              00000007
CVR0                              00000000
CVR1                              00000001
CVR2                              00000002
CVR3                              00000003
CVRCON                            0000009D
CVREN                             00000007
CVROE                             00000006
CVRR                              00000005
D                                 00000005
DATA_ADDRESS                      00000005
DC                                00000001
DELAY                             0000004F
DELAY_2                           00000058
D_A                               00000005
D_NOT_A                           00000005
EEADR                             0000010D
EEADRH                            0000010F
EECON1                            0000018C
EECON2                            0000018D
EEDATA                            0000010C
EEDATH                            0000010E
EEIE                              00000004
EEIF                              00000004
EEPGD                             00000007
F                                 00000001
FERR                              00000002
FSR                               00000004
GCEN                              00000007
GIE                               00000007
GO                                00000002
GO_DONE                           00000002
GO_NOT_DONE                       00000002
I2C_DATA                          00000005
I2C_READ                          00000002
I2C_START                         00000003
I2C_STOP                          00000004
IBF                               00000007
MPASM 5.76          DELAYED_BLINKING_LED.ASM   11-3-2020  9:29:16         PAGE  8


SYMBOL TABLE
  LABEL                             VALUE 

IBOV                              00000005
INDF                              00000000
INFINITE_LOOP                     00000049
INTCON                            0000000B
INTE                              00000004
INTEDG                            00000006
INTF                              00000001
INVOKE                            00000037
IRP                               00000007
LED_YAK                           00000012
MAIN_LOOP                         0000000D
NOT_A                             00000005
NOT_ADDRESS                       00000005
NOT_BO                            00000000
NOT_BOR                           00000000
NOT_DONE                          00000002
NOT_PD                            00000003
NOT_POR                           00000001
NOT_RBPU                          00000007
NOT_RC8                           00000006
NOT_T1SYNC                        00000002
NOT_TO                            00000004
NOT_TX8                           00000006
NOT_W                             00000002
NOT_WRITE                         00000002
OBF                               00000006
OERR                              00000001
OPTION_REG                        00000081
P                                 00000004
PCFG0                             00000000
PCFG1                             00000001
PCFG2                             00000002
PCFG3                             00000003
PCL                               00000002
PCLATH                            0000000A
PCON                              0000008E
PEIE                              00000006
PEN                               00000002
PIE1                              0000008C
PIE2                              0000008D
PIR1                              0000000C
PIR2                              0000000D
PORTA                             00000005
PORTB                             00000006
PORTC                             00000007
PORTD                             00000008
PORTE                             00000009
PR2                               00000092
PS0                               00000000
PS1                               00000001
PS2                               00000002
PSA                               00000003
PSPIE                             00000007
MPASM 5.76          DELAYED_BLINKING_LED.ASM   11-3-2020  9:29:16         PAGE  9


SYMBOL TABLE
  LABEL                             VALUE 

PSPIF                             00000007
PSPMODE                           00000004
R                                 00000002
RA0                               00000000
RA1                               00000001
RA2                               00000002
RA3                               00000003
RA4                               00000004
RA5                               00000005
RB0                               00000000
RB1                               00000001
RB2                               00000002
RB3                               00000003
RB4                               00000004
RB5                               00000005
RB6                               00000006
RB7                               00000007
RBIE                              00000003
RBIF                              00000000
RC0                               00000000
RC1                               00000001
RC2                               00000002
RC3                               00000003
RC4                               00000004
RC5                               00000005
RC6                               00000006
RC7                               00000007
RC8_9                             00000006
RC9                               00000006
RCD8                              00000000
RCEN                              00000003
RCIE                              00000005
RCIF                              00000005
RCREG                             0000001A
RCSTA                             00000018
RD                                00000000
RD0                               00000000
RD1                               00000001
RD2                               00000002
RD3                               00000003
RD4                               00000004
RD5                               00000005
RD6                               00000006
RD7                               00000007
RE0                               00000000
RE1                               00000001
RE2                               00000002
READ_WRITE                        00000002
RP0                               00000005
RP1                               00000006
RSEN                              00000001
RX9                               00000006
RX9D                              00000000
MPASM 5.76          DELAYED_BLINKING_LED.ASM   11-3-2020  9:29:16         PAGE 10


SYMBOL TABLE
  LABEL                             VALUE 

R_NOT_W                           00000002
R_W                               00000002
S                                 00000003
SEN                               00000000
SET_COUNTERS                      00000062
SET_COUNTERS_2                    00000069
SMP                               00000007
SPBRG                             00000099
SPEN                              00000007
SREN                              00000005
SSPADD                            00000093
SSPBUF                            00000013
SSPCON                            00000014
SSPCON2                           00000091
SSPEN                             00000005
SSPIE                             00000003
SSPIF                             00000003
SSPM0                             00000000
SSPM1                             00000001
SSPM2                             00000002
SSPM3                             00000003
SSPOV                             00000006
SSPSTAT                           00000094
STATUS                            00000003
SYNC                              00000004
T0CS                              00000005
T0IE                              00000005
T0IF                              00000002
T0SE                              00000004
T1CKPS0                           00000004
T1CKPS1                           00000005
T1CON                             00000010
T1INSYNC                          00000002
T1OSCEN                           00000003
T1SYNC                            00000002
T2CKPS0                           00000000
T2CKPS1                           00000001
T2CON                             00000012
TMR0                              00000001
TMR0IE                            00000005
TMR0IF                            00000002
TMR1                              0000000E
TMR1CS                            00000001
TMR1H                             0000000F
TMR1IE                            00000000
TMR1IF                            00000000
TMR1L                             0000000E
TMR1ON                            00000000
TMR2                              00000011
TMR2IE                            00000001
TMR2IF                            00000001
TMR2ON                            00000002
TOUTPS0                           00000003
MPASM 5.76          DELAYED_BLINKING_LED.ASM   11-3-2020  9:29:16         PAGE 11


SYMBOL TABLE
  LABEL                             VALUE 

TOUTPS1                           00000004
TOUTPS2                           00000005
TOUTPS3                           00000006
TRISA                             00000085
TRISA0                            00000000
TRISA1                            00000001
TRISA2                            00000002
TRISA3                            00000003
TRISA4                            00000004
TRISA5                            00000005
TRISB                             00000086
TRISB0                            00000000
TRISB1                            00000001
TRISB2                            00000002
TRISB3                            00000003
TRISB4                            00000004
TRISB5                            00000005
TRISB6                            00000006
TRISB7                            00000007
TRISC                             00000087
TRISC0                            00000000
TRISC1                            00000001
TRISC2                            00000002
TRISC3                            00000003
TRISC4                            00000004
TRISC5                            00000005
TRISC6                            00000006
TRISC7                            00000007
TRISD                             00000088
TRISD0                            00000000
TRISD1                            00000001
TRISD2                            00000002
TRISD3                            00000003
TRISD4                            00000004
TRISD5                            00000005
TRISD6                            00000006
TRISD7                            00000007
TRISE                             00000089
TRISE0                            00000000
TRISE1                            00000001
TRISE2                            00000002
TRMT                              00000001
TX8_9                             00000006
TX9                               00000006
TX9D                              00000000
TXD8                              00000000
TXEN                              00000005
TXIE                              00000004
TXIF                              00000004
TXREG                             00000019
TXSTA                             00000098
UA                                00000001
W                                 00000000
MPASM 5.76          DELAYED_BLINKING_LED.ASM   11-3-2020  9:29:16         PAGE 12


SYMBOL TABLE
  LABEL                             VALUE 

WCOL                              00000007
WR                                00000001
WREN                              00000002
WRERR                             00000003
Z                                 00000002
_BODEN_OFF                        00003FBF
_BODEN_ON                         00003FFF
_BOREN_OFF                        00003FBF
_BOREN_ON                         00003FFF
_CONFIG                           00002007
_CPD_OFF                          00003FFF
_CPD_ON                           00003EFF
_CP_ALL                           00001FFF
_CP_OFF                           00003FFF
_CP_ON                            00001FFF
_DEBUG_OFF                        00003FFF
_DEBUG_ON                         000037FF
_DEVID1                           00002006
_FOSC_EXTRC                       00003FFF
_FOSC_HS                          00003FFE
_FOSC_LP                          00003FFC
_FOSC_XT                          00003FFD
_HS_OSC                           00003FFE
_IDLOC0                           00002000
_IDLOC1                           00002001
_IDLOC2                           00002002
_IDLOC3                           00002003
_LP_OSC                           00003FFC
_LVP_OFF                          00003F7F
_LVP_ON                           00003FFF
_PWRTE_OFF                        00003FFF
_PWRTE_ON                         00003FF7
_RC_OSC                           00003FFF
_WDTE_OFF                         00003FFB
_WDTE_ON                          00003FFF
_WDT_OFF                          00003FFB
_WDT_ON                           00003FFF
_WRT_1FOURTH                      00003BFF
_WRT_256                          00003DFF
_WRT_HALF                         000039FF
_WRT_OFF                          00003FFF
_XT_OSC                           00003FFD
__16F877A                         00000001

Errors   :     0
Warnings :    25 reported,     0 suppressed
Messages :    34 reported,     0 suppressed

