
ROM used:   310/8192 (4%)
            310/8192 (4%) including unused fragments

            0.4 Average locations per line
            4.9 Average locations per statement

RAM used:   21/368 (6%) at main() level
            24/368 (7%) worst case

Stack used: 2 worst case (2 in main + 0 for interrupts)
Stack size: 8

Lines Stmts  %   Files
----- ----- ---  -----
  141    63 100  ldr_motor_contol.c
   10     0   0  ldr_motor_contol.h
  671     0   0  D:\PIC\Devices\16F877A.h
----- -----
  822    63 Total

Page ROM  %  RAM   Vol Diff  Functions:
---- --- --- ---   --- ----  ----------
0     20   6    1             @delay_ms1
0    140  45    0   570  2.9  main
0    146  47    1  1067  9.2  Start
 Inline         3             @DIV88
 Inline         0             @cinit1

Program metrics:
    Functions               2
    Statements              63
    Comments                148
    Volume (V)              1896
    Difficulty (D)          11.8
    Effort to implement (E) 22352
    Time to implement (T)   21 minutes
    Est Delivered Bugs (B)  0
    Cyclomatic Complexity   9
    Maintainability (MI)    113

 Segment     Used  Free
-----------  ----  ----
00000-00003     4  0  
00004-007FF   306  1738  
00800-00FFF     0  2048  
01000-017FF     0  2048  
01800-01FFF     0  2048  



