Warning[205] D:\PIC16F877A-TUTORIALS\7_SEGMENT_DISPLAY(ASSEMBLY LANGUAGE)\7_SEGMENT_DISPLAY.X\7_SEGMENT_DISPLAY.ASM 1 : Found directive in column 1. (LIST)
Message[302] D:\PIC16F877A-TUTORIALS\7_SEGMENT_DISPLAY(ASSEMBLY LANGUAGE)\7_SEGMENT_DISPLAY.X\7_SEGMENT_DISPLAY.ASM 8 : Register in operand not in bank 0.  Ensure that bank bits are correct.
Message[302] D:\PIC16F877A-TUTORIALS\7_SEGMENT_DISPLAY(ASSEMBLY LANGUAGE)\7_SEGMENT_DISPLAY.X\7_SEGMENT_DISPLAY.ASM 9 : Register in operand not in bank 0.  Ensure that bank bits are correct.
Warning[205] D:\PIC16F877A-TUTORIALS\7_SEGMENT_DISPLAY(ASSEMBLY LANGUAGE)\7_SEGMENT_DISPLAY.X\7_SEGMENT_DISPLAY.ASM 14 : Found directive in column 1. (CBLOCK)
Warning[205] D:\PIC16F877A-TUTORIALS\7_SEGMENT_DISPLAY(ASSEMBLY LANGUAGE)\7_SEGMENT_DISPLAY.X\7_SEGMENT_DISPLAY.ASM 19 : Found directive in column 1. (ENDC)
Warning[203] D:\PIC16F877A-TUTORIALS\7_SEGMENT_DISPLAY(ASSEMBLY LANGUAGE)\7_SEGMENT_DISPLAY.X\7_SEGMENT_DISPLAY.ASM 21 : Found opcode in column 1. (MOVLW)
Warning[203] D:\PIC16F877A-TUTORIALS\7_SEGMENT_DISPLAY(ASSEMBLY LANGUAGE)\7_SEGMENT_DISPLAY.X\7_SEGMENT_DISPLAY.ASM 22 : Found opcode in column 1. (MOVWF)
Message[302] D:\PIC16F877A-TUTORIALS\7_SEGMENT_DISPLAY(ASSEMBLY LANGUAGE)\7_SEGMENT_DISPLAY.X\7_SEGMENT_DISPLAY.ASM 22 : Register in operand not in bank 0.  Ensure that bank bits are correct.
Warning[203] D:\PIC16F877A-TUTORIALS\7_SEGMENT_DISPLAY(ASSEMBLY LANGUAGE)\7_SEGMENT_DISPLAY.X\7_SEGMENT_DISPLAY.ASM 23 : Found opcode in column 1. (CALL)
Message[302] D:\PIC16F877A-TUTORIALS\7_SEGMENT_DISPLAY(ASSEMBLY LANGUAGE)\7_SEGMENT_DISPLAY.X\7_SEGMENT_DISPLAY.ASM 34 : Register in operand not in bank 0.  Ensure that bank bits are correct.
Message[302] D:\PIC16F877A-TUTORIALS\7_SEGMENT_DISPLAY(ASSEMBLY LANGUAGE)\7_SEGMENT_DISPLAY.X\7_SEGMENT_DISPLAY.ASM 36 : Register in operand not in bank 0.  Ensure that bank bits are correct.
Message[305] D:\PIC16F877A-TUTORIALS\7_SEGMENT_DISPLAY(ASSEMBLY LANGUAGE)\7_SEGMENT_DISPLAY.X\7_SEGMENT_DISPLAY.ASM 40 : Using default destination of 1 (file).
Message[302] D:\PIC16F877A-TUTORIALS\7_SEGMENT_DISPLAY(ASSEMBLY LANGUAGE)\7_SEGMENT_DISPLAY.X\7_SEGMENT_DISPLAY.ASM 40 : Register in operand not in bank 0.  Ensure that bank bits are correct.
Message[302] D:\PIC16F877A-TUTORIALS\7_SEGMENT_DISPLAY(ASSEMBLY LANGUAGE)\7_SEGMENT_DISPLAY.X\7_SEGMENT_DISPLAY.ASM 41 : Register in operand not in bank 0.  Ensure that bank bits are correct.
Message[302] D:\PIC16F877A-TUTORIALS\7_SEGMENT_DISPLAY(ASSEMBLY LANGUAGE)\7_SEGMENT_DISPLAY.X\7_SEGMENT_DISPLAY.ASM 43 : Register in operand not in bank 0.  Ensure that bank bits are correct.
Message[302] D:\PIC16F877A-TUTORIALS\7_SEGMENT_DISPLAY(ASSEMBLY LANGUAGE)\7_SEGMENT_DISPLAY.X\7_SEGMENT_DISPLAY.ASM 45 : Register in operand not in bank 0.  Ensure that bank bits are correct.
Warning[207] D:\PIC16F877A-TUTORIALS\7_SEGMENT_DISPLAY(ASSEMBLY LANGUAGE)\7_SEGMENT_DISPLAY.X\7_SEGMENT_DISPLAY.ASM 63 : Found label after column 1. (DELAY)
Message[302] D:\PIC16F877A-TUTORIALS\7_SEGMENT_DISPLAY(ASSEMBLY LANGUAGE)\7_SEGMENT_DISPLAY.X\7_SEGMENT_DISPLAY.ASM 64 : Register in operand not in bank 0.  Ensure that bank bits are correct.
Message[302] D:\PIC16F877A-TUTORIALS\7_SEGMENT_DISPLAY(ASSEMBLY LANGUAGE)\7_SEGMENT_DISPLAY.X\7_SEGMENT_DISPLAY.ASM 66 : Register in operand not in bank 0.  Ensure that bank bits are correct.
Message[302] D:\PIC16F877A-TUTORIALS\7_SEGMENT_DISPLAY(ASSEMBLY LANGUAGE)\7_SEGMENT_DISPLAY.X\7_SEGMENT_DISPLAY.ASM 68 : Register in operand not in bank 0.  Ensure that bank bits are correct.
Warning[203] D:\PIC16F877A-TUTORIALS\7_SEGMENT_DISPLAY(ASSEMBLY LANGUAGE)\7_SEGMENT_DISPLAY.X\7_SEGMENT_DISPLAY.ASM 71 : Found opcode in column 1. (RETURN)
Message[302] D:\PIC16F877A-TUTORIALS\7_SEGMENT_DISPLAY(ASSEMBLY LANGUAGE)\7_SEGMENT_DISPLAY.X\7_SEGMENT_DISPLAY.ASM 75 : Register in operand not in bank 0.  Ensure that bank bits are correct.
Message[302] D:\PIC16F877A-TUTORIALS\7_SEGMENT_DISPLAY(ASSEMBLY LANGUAGE)\7_SEGMENT_DISPLAY.X\7_SEGMENT_DISPLAY.ASM 77 : Register in operand not in bank 0.  Ensure that bank bits are correct.
Message[302] D:\PIC16F877A-TUTORIALS\7_SEGMENT_DISPLAY(ASSEMBLY LANGUAGE)\7_SEGMENT_DISPLAY.X\7_SEGMENT_DISPLAY.ASM 79 : Register in operand not in bank 0.  Ensure that bank bits are correct.
Warning[203] D:\PIC16F877A-TUTORIALS\7_SEGMENT_DISPLAY(ASSEMBLY LANGUAGE)\7_SEGMENT_DISPLAY.X\7_SEGMENT_DISPLAY.ASM 80 : Found opcode in column 1. (RETURN)
Warning[205] D:\PIC16F877A-TUTORIALS\7_SEGMENT_DISPLAY(ASSEMBLY LANGUAGE)\7_SEGMENT_DISPLAY.X\7_SEGMENT_DISPLAY.ASM 82 : Found directive in column 1. (END)
